<?xml version="1.0" encoding="UTF-8"?>
<robot generator="Robot 6.1.1 (Python 3.10.12 on win32)" generated="20231102 00:15:25.319" rpa="true" schemaversion="4">
<suite id="s1" name="Tasks" source="d:\test\test\tasks.robot">
<test id="s1-t1" name="search for appointment" line="22">
<while condition="${run}">
<iter>
<kw name="Navigate to select page">
<kw name="Log To Console" library="BuiltIn">
<arg>attach browser</arg>
<doc>Logs the given message to the console.</doc>
<status status="PASS" starttime="20231102 00:15:27.463" endtime="20231102 00:15:27.463"/>
</kw>
<kw name="Attach Chrome Browser" library="RPA.Browser.Selenium">
<arg>9222</arg>
<doc>Attach to an existing instance of Chrome browser.</doc>
<msg timestamp="20231102 00:15:28.994" level="INFO">Downloaded webdriver to: C:\Users\khagh\AppData\Local\robocorp\webdrivers\.wdm\drivers\chromedriver\win64\118.0.5993.70\chromedriver-win32/chromedriver.exe</msg>
<msg timestamp="20231102 00:15:29.019" level="INFO">Webdriver version taken into use: ChromeDriver 118.0.5993.70 (e52f33f30b91b4ddfad649acddc39ab570473b86-refs/branch-heads/5993@{#1216})
</msg>
<msg timestamp="20231102 00:15:29.486" level="INFO">Targeted browser version: 118.0.5993</msg>
<msg timestamp="20231102 00:15:29.487" level="INFO">Creating an instance of the Chrome WebDriver.</msg>
<status status="PASS" starttime="20231102 00:15:27.464" endtime="20231102 00:15:30.391"/>
</kw>
<kw name="Log To Console" library="BuiltIn">
<arg>navigate to url</arg>
<doc>Logs the given message to the console.</doc>
<status status="PASS" starttime="20231102 00:15:30.392" endtime="20231102 00:15:30.392"/>
</kw>
<kw name="Go To" library="RPA.Browser.Selenium">
<arg>${url}</arg>
<doc>Navigates the current browser window to the provided ``url``.</doc>
<msg timestamp="20231102 00:15:30.394" level="INFO">Opening url 'https://otv.verwalt-berlin.de'</msg>
<status status="PASS" starttime="20231102 00:15:30.393" endtime="20231102 00:15:32.314"/>
</kw>
<kw name="Sleep" library="BuiltIn">
<arg>10</arg>
<doc>Pauses the test executed for the given time.</doc>
<msg timestamp="20231102 00:15:42.324" level="INFO">Slept 10 seconds</msg>
<status status="PASS" starttime="20231102 00:15:32.315" endtime="20231102 00:15:42.324"/>
</kw>
<kw name="Wait Until Element Is Visible" library="RPA.Browser.Selenium">
<arg>//*[@id="mainForm"]/div/div/div/div/div/div/div/div/div/div[1]/div[1]/div[2]/a</arg>
<arg>timeout=60</arg>
<doc>Waits until the element ``locator`` is visible.</doc>
<status status="PASS" starttime="20231102 00:15:42.325" endtime="20231102 00:15:42.356"/>
</kw>
<kw name="Wait Until Element Is Enabled" library="RPA.Browser.Selenium">
<arg>//*[@id="mainForm"]/div/div/div/div/div/div/div/div/div/div[1]/div[1]/div[2]/a</arg>
<arg>timeout=60</arg>
<doc>Waits until the element ``locator`` is enabled.</doc>
<status status="PASS" starttime="20231102 00:15:42.356" endtime="20231102 00:15:42.394"/>
</kw>
<kw name="Log To Console" library="BuiltIn">
<arg>click on termin buchen</arg>
<doc>Logs the given message to the console.</doc>
<status status="PASS" starttime="20231102 00:15:42.394" endtime="20231102 00:15:42.395"/>
</kw>
<kw name="Click Element" library="RPA.Browser.Selenium">
<arg>//*[@id="mainForm"]/div/div/div/div/div/div/div/div/div/div[1]/div[1]/div[2]/a</arg>
<doc>Click the element identified by ``locator``.</doc>
<msg timestamp="20231102 00:15:42.397" level="INFO">Clicking element '//*[@id="mainForm"]/div/div/div/div/div/div/div/div/div/div[1]/div[1]/div[2]/a'.</msg>
<status status="PASS" starttime="20231102 00:15:42.396" endtime="20231102 00:15:43.494"/>
</kw>
<kw name="Wait Until Element Is Visible" library="RPA.Browser.Selenium">
<arg>//*[@id="xi-cb-1"]</arg>
<arg>timeout=60</arg>
<doc>Waits until the element ``locator`` is visible.</doc>
<status status="PASS" starttime="20231102 00:15:43.495" endtime="20231102 00:15:44.637"/>
</kw>
<kw name="Log To Console" library="BuiltIn">
<arg>click on checkbox</arg>
<doc>Logs the given message to the console.</doc>
<status status="PASS" starttime="20231102 00:15:44.638" endtime="20231102 00:15:44.639"/>
</kw>
<kw name="Wait And Click Button" library="RPA.Browser.Selenium">
<arg>//*[@id="xi-cb-1"]</arg>
<doc>Click button identified by ``locator``, once it becomes visible.</doc>
<msg timestamp="20231102 00:15:44.674" level="INFO">Clicking button '//*[@id="xi-cb-1"]'.</msg>
<status status="PASS" starttime="20231102 00:15:44.640" endtime="20231102 00:15:44.737"/>
</kw>
<kw name="Log To Console" library="BuiltIn">
<arg>message on weiter</arg>
<doc>Logs the given message to the console.</doc>
<status status="PASS" starttime="20231102 00:15:44.738" endtime="20231102 00:15:44.739"/>
</kw>
<kw name="Wait And Click Button" library="RPA.Browser.Selenium">
<arg>//*[@id="applicationForm:managedForm:proceed"]</arg>
<doc>Click button identified by ``locator``, once it becomes visible.</doc>
<msg timestamp="20231102 00:15:44.768" level="INFO">Clicking button '//*[@id="applicationForm:managedForm:proceed"]'.</msg>
<status status="PASS" starttime="20231102 00:15:44.739" endtime="20231102 00:15:44.840"/>
</kw>
<status status="PASS" starttime="20231102 00:15:27.462" endtime="20231102 00:15:44.840"/>
</kw>
<kw name="load page">
<kw name="Log To Console" library="BuiltIn">
<arg>Load page</arg>
<doc>Logs the given message to the console.</doc>
<status status="PASS" starttime="20231102 00:15:44.840" endtime="20231102 00:15:44.840"/>
</kw>
<kw name="Set Selenium Implicit Wait" library="RPA.Browser.Selenium">
<arg>30</arg>
<doc>Sets the implicit wait value used by Selenium.</doc>
<status status="PASS" starttime="20231102 00:15:44.840" endtime="20231102 00:15:44.840"/>
</kw>
<for flavor="IN RANGE">
<var>${i}</var>
<value>1</value>
<value>120</value>
<iter>
<var name="${i}">1</var>
<kw name="Execute Javascript" library="RPA.Browser.Selenium">
<var>${page_ready}</var>
<arg>return document.readyState</arg>
<doc>Executes the given JavaScript code with possible arguments.</doc>
<msg timestamp="20231102 00:15:44.840" level="INFO">Executing JavaScript:
return document.readyState
Without any arguments.</msg>
<msg timestamp="20231102 00:15:44.856" level="INFO">${page_ready} = complete</msg>
<status status="PASS" starttime="20231102 00:15:44.840" endtime="20231102 00:15:44.857"/>
</kw>
<kw name="Run Keyword If" library="BuiltIn">
<arg>'${page_ready}' in ['complete', 'interactive']</arg>
<arg>Exit For Loop</arg>
<doc>Runs the given keyword with the given arguments, if ``condition`` is true.</doc>
<kw name="Exit For Loop" library="BuiltIn">
<doc>Stops executing the enclosing FOR loop.</doc>
<msg timestamp="20231102 00:15:44.859" level="INFO">Exiting for loop altogether.</msg>
<status status="PASS" starttime="20231102 00:15:44.858" endtime="20231102 00:15:44.859"/>
</kw>
<status status="PASS" starttime="20231102 00:15:44.857" endtime="20231102 00:15:44.860"/>
</kw>
<status status="PASS" starttime="20231102 00:15:44.840" endtime="20231102 00:15:44.860"/>
</iter>
<status status="PASS" starttime="20231102 00:15:44.840" endtime="20231102 00:15:44.860"/>
</for>
<status status="PASS" starttime="20231102 00:15:44.840" endtime="20231102 00:15:44.861"/>
</kw>
<kw name="select country">
<kw name="Wait Until Element Is Visible" library="RPA.Browser.Selenium">
<arg>id:xi-sel-400</arg>
<arg>timeout=120</arg>
<doc>Waits until the element ``locator`` is visible.</doc>
<status status="PASS" starttime="20231102 00:15:44.862" endtime="20231102 00:15:47.707"/>
</kw>
<kw name="Wait Until Element Is Enabled" library="RPA.Browser.Selenium">
<arg>id:xi-sel-400</arg>
<arg>timeout=120</arg>
<doc>Waits until the element ``locator`` is enabled.</doc>
<status status="PASS" starttime="20231102 00:15:47.708" endtime="20231102 00:15:47.743"/>
</kw>
<kw name="Select From List By Label" library="RPA.Browser.Selenium">
<arg>id:xi-sel-400</arg>
<arg>Iran, Islamische Republik</arg>
<doc>Selects options from selection list ``locator`` by ``labels``.</doc>
<msg timestamp="20231102 00:15:47.744" level="INFO">Selecting options from selection list 'id:xi-sel-400' by label Iran, Islamische Republik.</msg>
<status status="PASS" starttime="20231102 00:15:47.743" endtime="20231102 00:15:48.202"/>
</kw>
<status status="PASS" starttime="20231102 00:15:44.861" endtime="20231102 00:15:48.202"/>
</kw>
<kw name="select person">
<kw name="Wait Until Element Is Visible" library="RPA.Browser.Selenium">
<arg>id:xi-sel-422</arg>
<arg>timeout=60</arg>
<doc>Waits until the element ``locator`` is visible.</doc>
<status status="PASS" starttime="20231102 00:15:48.203" endtime="20231102 00:15:48.229"/>
</kw>
<kw name="Select From List By Label" library="RPA.Browser.Selenium">
<arg>id:xi-sel-422</arg>
<arg>eine Person</arg>
<doc>Selects options from selection list ``locator`` by ``labels``.</doc>
<msg timestamp="20231102 00:15:48.230" level="INFO">Selecting options from selection list 'id:xi-sel-422' by label eine Person.</msg>
<status status="PASS" starttime="20231102 00:15:48.229" endtime="20231102 00:15:48.317"/>
</kw>
<status status="PASS" starttime="20231102 00:15:48.203" endtime="20231102 00:15:48.317"/>
</kw>
<kw name="select other">
<kw name="Wait Until Element Is Visible" library="RPA.Browser.Selenium">
<arg>id:xi-sel-427</arg>
<arg>timeout=60</arg>
<doc>Waits until the element ``locator`` is visible.</doc>
<status status="PASS" starttime="20231102 00:15:48.318" endtime="20231102 00:15:48.344"/>
</kw>
<kw name="Select From List By Label" library="RPA.Browser.Selenium">
<arg>id:xi-sel-427</arg>
<arg>nein</arg>
<doc>Selects options from selection list ``locator`` by ``labels``.</doc>
<msg timestamp="20231102 00:15:48.345" level="INFO">Selecting options from selection list 'id:xi-sel-427' by label nein.</msg>
<status status="PASS" starttime="20231102 00:15:48.344" endtime="20231102 00:15:48.426"/>
</kw>
<status status="PASS" starttime="20231102 00:15:48.317" endtime="20231102 00:15:48.427"/>
</kw>
<kw name="select request">
<kw name="Wait Until Element Is Visible" library="RPA.Browser.Selenium">
<arg>//*[@id="xi-div-30"]/div[1]</arg>
<arg>timeout=60</arg>
<doc>Waits until the element ``locator`` is visible.</doc>
<status status="PASS" starttime="20231102 00:15:48.428" endtime="20231102 00:15:48.522"/>
</kw>
<kw name="Wait Until Element Is Enabled" library="RPA.Browser.Selenium">
<arg>//*[@id="xi-div-30"]/div[1]</arg>
<arg>timeout=60</arg>
<doc>Waits until the element ``locator`` is enabled.</doc>
<status status="PASS" starttime="20231102 00:15:48.522" endtime="20231102 00:15:48.551"/>
</kw>
<kw name="Sleep" library="BuiltIn">
<arg>3</arg>
<doc>Pauses the test executed for the given time.</doc>
<msg timestamp="20231102 00:15:51.558" level="INFO">Slept 3 seconds</msg>
<status status="PASS" starttime="20231102 00:15:48.552" endtime="20231102 00:15:51.559"/>
</kw>
<kw name="Click Element" library="RPA.Browser.Selenium">
<arg>//*[@id="xi-div-30"]/div[1]</arg>
<doc>Click the element identified by ``locator``.</doc>
<msg timestamp="20231102 00:15:51.563" level="INFO">Clicking element '//*[@id="xi-div-30"]/div[1]'.</msg>
<status status="PASS" starttime="20231102 00:15:51.560" endtime="20231102 00:15:51.611"/>
</kw>
<status status="PASS" starttime="20231102 00:15:48.428" endtime="20231102 00:15:51.611"/>
</kw>
<kw name="select type">
<kw name="Wait Until Element Is Visible" library="RPA.Browser.Selenium">
<arg>//*[@id="inner-439-0-1"]/div/div[1]</arg>
<arg>timeout=120</arg>
<doc>Waits until the element ``locator`` is visible.</doc>
<status status="PASS" starttime="20231102 00:15:51.612" endtime="20231102 00:15:51.715"/>
</kw>
<kw name="Click Element" library="RPA.Browser.Selenium">
<arg>//*[@id="inner-439-0-1"]/div/div[1]</arg>
<doc>Click the element identified by ``locator``.</doc>
<msg timestamp="20231102 00:15:51.716" level="INFO">Clicking element '//*[@id="inner-439-0-1"]/div/div[1]'.</msg>
<status status="PASS" starttime="20231102 00:15:51.715" endtime="20231102 00:15:51.783"/>
</kw>
<status status="PASS" starttime="20231102 00:15:51.612" endtime="20231102 00:15:51.783"/>
</kw>
<kw name="select radiobtn">
<kw name="Wait Until Element Is Visible" library="RPA.Browser.Selenium">
<arg>//*[@id="SERVICEWAHL_DE439-0-1-3-305244"]</arg>
<arg>timeout=60</arg>
<doc>Waits until the element ``locator`` is visible.</doc>
<status status="PASS" starttime="20231102 00:15:51.784" endtime="20231102 00:15:51.879"/>
</kw>
<kw name="Click Element" library="RPA.Browser.Selenium">
<arg>//*[@data-tag0="Aufenthaltserlaubnis zum Studium (§ 16b)"]</arg>
<doc>Click the element identified by ``locator``.</doc>
<msg timestamp="20231102 00:15:51.880" level="INFO">Clicking element '//*[@data-tag0="Aufenthaltserlaubnis zum Studium (§ 16b)"]'.</msg>
<status status="PASS" starttime="20231102 00:15:51.879" endtime="20231102 00:15:51.934"/>
</kw>
<status status="PASS" starttime="20231102 00:15:51.784" endtime="20231102 00:15:51.934"/>
</kw>
<kw name="click on next">
<kw name="Wait Until Element Is Visible" library="RPA.Browser.Selenium">
<arg>id=applicationForm:managedForm:proceed</arg>
<arg>timeout=60</arg>
<doc>Waits until the element ``locator`` is visible.</doc>
<status status="PASS" starttime="20231102 00:15:51.935" endtime="20231102 00:15:51.963"/>
</kw>
<kw name="Wait Until Element Is Enabled" library="RPA.Browser.Selenium">
<arg>id=applicationForm:managedForm:proceed</arg>
<arg>timeout=60</arg>
<doc>Waits until the element ``locator`` is enabled.</doc>
<status status="PASS" starttime="20231102 00:15:51.964" endtime="20231102 00:15:53.543"/>
</kw>
<kw name="Run Keyword And Ignore Error" library="BuiltIn">
<arg>Wait And Click Button</arg>
<arg>id=applicationForm:managedForm:proceed</arg>
<doc>Runs the given keyword with the given arguments and ignores possible error.</doc>
<kw name="Wait And Click Button" library="RPA.Browser.Selenium">
<arg>id=applicationForm:managedForm:proceed</arg>
<doc>Click button identified by ``locator``, once it becomes visible.</doc>
<msg timestamp="20231102 00:15:53.564" level="INFO">Clicking button 'id=applicationForm:managedForm:proceed'.</msg>
<status status="PASS" starttime="20231102 00:15:53.543" endtime="20231102 00:15:53.663"/>
</kw>
<status status="PASS" starttime="20231102 00:15:53.543" endtime="20231102 00:15:53.664"/>
</kw>
<kw name="Sleep" library="BuiltIn">
<arg>8</arg>
<doc>Pauses the test executed for the given time.</doc>
<msg timestamp="20231102 00:16:01.674" level="INFO">Slept 8 seconds</msg>
<status status="PASS" starttime="20231102 00:15:53.664" endtime="20231102 00:16:01.675"/>
</kw>
<status status="PASS" starttime="20231102 00:15:51.935" endtime="20231102 00:16:01.676"/>
</kw>
<while condition="True">
<iter>
<kw name="load page">
<kw name="Log To Console" library="BuiltIn">
<arg>Load page</arg>
<doc>Logs the given message to the console.</doc>
<status status="PASS" starttime="20231102 00:16:01.680" endtime="20231102 00:16:01.681"/>
</kw>
<kw name="Set Selenium Implicit Wait" library="RPA.Browser.Selenium">
<arg>30</arg>
<doc>Sets the implicit wait value used by Selenium.</doc>
<status status="PASS" starttime="20231102 00:16:01.681" endtime="20231102 00:16:01.683"/>
</kw>
<for flavor="IN RANGE">
<var>${i}</var>
<value>1</value>
<value>120</value>
<iter>
<var name="${i}">1</var>
<kw name="Execute Javascript" library="RPA.Browser.Selenium">
<var>${page_ready}</var>
<arg>return document.readyState</arg>
<doc>Executes the given JavaScript code with possible arguments.</doc>
<msg timestamp="20231102 00:16:01.685" level="INFO">Executing JavaScript:
return document.readyState
Without any arguments.</msg>
<msg timestamp="20231102 00:16:01.691" level="INFO">${page_ready} = complete</msg>
<status status="PASS" starttime="20231102 00:16:01.684" endtime="20231102 00:16:01.691"/>
</kw>
<kw name="Run Keyword If" library="BuiltIn">
<arg>'${page_ready}' in ['complete', 'interactive']</arg>
<arg>Exit For Loop</arg>
<doc>Runs the given keyword with the given arguments, if ``condition`` is true.</doc>
<kw name="Exit For Loop" library="BuiltIn">
<doc>Stops executing the enclosing FOR loop.</doc>
<msg timestamp="20231102 00:16:01.692" level="INFO">Exiting for loop altogether.</msg>
<status status="PASS" starttime="20231102 00:16:01.692" endtime="20231102 00:16:01.700"/>
</kw>
<status status="PASS" starttime="20231102 00:16:01.691" endtime="20231102 00:16:01.701"/>
</kw>
<status status="PASS" starttime="20231102 00:16:01.684" endtime="20231102 00:16:01.701"/>
</iter>
<status status="PASS" starttime="20231102 00:16:01.684" endtime="20231102 00:16:01.701"/>
</for>
<status status="PASS" starttime="20231102 00:16:01.679" endtime="20231102 00:16:01.702"/>
</kw>
<kw name="Log To Console" library="BuiltIn">
<arg>page loaded</arg>
<doc>Logs the given message to the console.</doc>
<status status="PASS" starttime="20231102 00:16:01.702" endtime="20231102 00:16:01.703"/>
</kw>
<kw name="Run Keyword And Return Status" library="BuiltIn">
<var>${termin}</var>
<arg>Wait For Element</arg>
<arg>//*[@id="xi-fs-2"]/legend</arg>
<arg>5s</arg>
<doc>Runs the given keyword with given arguments and returns the status as a Boolean value.</doc>
<kw name="Wait For Element" library="RPA.Desktop">
<arg>//*[@id="xi-fs-2"]/legend</arg>
<arg>5s</arg>
<doc>Wait for an element defined by locator to exist, or
raise a TimeoutException if none were found within timeout.</doc>
<msg timestamp="20231102 00:16:01.705" level="FAIL">ValueError: Argument 'timeout' got value '5s' that cannot be converted to float or None.</msg>
<status status="FAIL" starttime="20231102 00:16:01.704" endtime="20231102 00:16:01.705"/>
</kw>
<msg timestamp="20231102 00:16:01.706" level="INFO">${termin} = False</msg>
<status status="PASS" starttime="20231102 00:16:01.703" endtime="20231102 00:16:01.706"/>
</kw>
<kw name="Set Variable" library="BuiltIn">
<var>${termin}</var>
<arg>${True}</arg>
<doc>Returns the given values which can then be assigned to a variables.</doc>
<msg timestamp="20231102 00:16:01.706" level="INFO">${termin} = True</msg>
<status status="PASS" starttime="20231102 00:16:01.706" endtime="20231102 00:16:01.706"/>
</kw>
<kw name="Log To Console" library="BuiltIn">
<arg>termin is available: ${termin}</arg>
<doc>Logs the given message to the console.</doc>
<status status="PASS" starttime="20231102 00:16:01.707" endtime="20231102 00:16:01.708"/>
</kw>
<if>
<branch type="IF" condition="${termin}">
<kw name="Run" library="OperatingSystem">
<arg>paplay /usr/share/sounds/freedesktop/stereo/complete.oga</arg>
<doc>Runs the given command in the system and returns the output.</doc>
<msg timestamp="20231102 00:16:01.716" level="INFO">Running command 'paplay /usr/share/sounds/freedesktop/stereo/complete.oga 2&gt;&amp;1'.</msg>
<status status="PASS" starttime="20231102 00:16:01.709" endtime="20231102 00:16:01.729"/>
</kw>
<kw name="Sleep" library="BuiltIn">
<arg>5s</arg>
<doc>Pauses the test executed for the given time.</doc>
<msg timestamp="20231102 00:16:06.740" level="INFO">Slept 5 seconds</msg>
<status status="PASS" starttime="20231102 00:16:01.729" endtime="20231102 00:16:06.742"/>
</kw>
<kw name="Sleep" library="BuiltIn">
<arg>5s</arg>
<doc>Pauses the test executed for the given time.</doc>
<msg timestamp="20231102 00:16:11.755" level="INFO">Slept 5 seconds</msg>
<status status="PASS" starttime="20231102 00:16:06.744" endtime="20231102 00:16:11.755"/>
</kw>
<kw name="Sleep" library="BuiltIn">
<arg>5s</arg>
<doc>Pauses the test executed for the given time.</doc>
<msg timestamp="20231102 00:16:16.770" level="INFO">Slept 5 seconds</msg>
<status status="PASS" starttime="20231102 00:16:11.755" endtime="20231102 00:16:16.770"/>
</kw>
<kw name="Set Variable" library="BuiltIn">
<var>${run}</var>
<arg>${False}</arg>
<doc>Returns the given values which can then be assigned to a variables.</doc>
<msg timestamp="20231102 00:16:16.771" level="INFO">${run} = False</msg>
<status status="PASS" starttime="20231102 00:16:16.771" endtime="20231102 00:16:16.771"/>
</kw>
<break>
<status status="PASS" starttime="20231102 00:16:16.772" endtime="20231102 00:16:16.772"/>
</break>
<status status="PASS" starttime="20231102 00:16:01.708" endtime="20231102 00:16:16.772"/>
</branch>
<branch type="ELSE">
<kw name="Is Element Visible" library="RPA.Browser.Selenium">
<var>${status}</var>
<arg>id=applicationForm:managedForm:proceed</arg>
<arg>timeout=5</arg>
<doc>Is element visible</doc>
<status status="NOT RUN" starttime="20231102 00:16:16.773" endtime="20231102 00:16:16.773"/>
</kw>
<kw name="Log To Console" library="BuiltIn">
<arg>status is: ${status}</arg>
<doc>Logs the given message to the console.</doc>
<status status="NOT RUN" starttime="20231102 00:16:16.774" endtime="20231102 00:16:16.774"/>
</kw>
<if>
<branch type="IF" condition="${status}">
<kw name="click on next">
<status status="NOT RUN" starttime="20231102 00:16:16.775" endtime="20231102 00:16:16.775"/>
</kw>
<status status="NOT RUN" starttime="20231102 00:16:16.774" endtime="20231102 00:16:16.775"/>
</branch>
<branch type="ELSE">
<kw name="Is Element Visible" library="RPA.Browser.Selenium">
<var>${end}</var>
<arg>//*[@id="mainForm"]/div</arg>
<arg>5s</arg>
<doc>Is element visible</doc>
<status status="NOT RUN" starttime="20231102 00:16:16.776" endtime="20231102 00:16:16.776"/>
</kw>
<if>
<branch type="IF" condition="${end}">
<break>
<status status="NOT RUN" starttime="20231102 00:16:16.777" endtime="20231102 00:16:16.777"/>
</break>
<status status="NOT RUN" starttime="20231102 00:16:16.777" endtime="20231102 00:16:16.778"/>
</branch>
<status status="NOT RUN" starttime="20231102 00:16:16.777" endtime="20231102 00:16:16.778"/>
</if>
<status status="NOT RUN" starttime="20231102 00:16:16.776" endtime="20231102 00:16:16.778"/>
</branch>
<status status="NOT RUN" starttime="20231102 00:16:16.774" endtime="20231102 00:16:16.778"/>
</if>
<status status="NOT RUN" starttime="20231102 00:16:16.773" endtime="20231102 00:16:16.779"/>
</branch>
<status status="PASS" starttime="20231102 00:16:01.708" endtime="20231102 00:16:16.779"/>
</if>
<status status="PASS" starttime="20231102 00:16:01.677" endtime="20231102 00:16:16.779"/>
</iter>
<status status="PASS" starttime="20231102 00:16:01.677" endtime="20231102 00:16:16.779"/>
</while>
<status status="PASS" starttime="20231102 00:15:27.461" endtime="20231102 00:16:16.780"/>
</iter>
<status status="PASS" starttime="20231102 00:15:27.461" endtime="20231102 00:16:16.780"/>
</while>
<status status="PASS" starttime="20231102 00:15:27.460" endtime="20231102 00:16:16.781"/>
</test>
<doc>Playwright template.</doc>
<status status="PASS" starttime="20231102 00:15:25.328" endtime="20231102 00:16:16.784"/>
</suite>
<statistics>
<total>
<stat pass="1" fail="0" skip="0">All Tasks</stat>
</total>
<tag>
</tag>
<suite>
<stat pass="1" fail="0" skip="0" id="s1" name="Tasks">Tasks</stat>
</suite>
</statistics>
<errors>
</errors>
</robot>
